c:\users\usuario\source\repos\markosoftengine\project\debug\markosoftengine.pdb
c:\users\usuario\source\repos\markosoftengine\project\debug\markosoftengine.idb
c:\users\usuario\source\repos\markosoftengine\project\debug\timemanager.obj
c:\users\usuario\source\repos\markosoftengine\project\debug\texture.obj
c:\users\usuario\source\repos\markosoftengine\project\debug\soundmanager.obj
c:\users\usuario\source\repos\markosoftengine\project\debug\physicsmanager.obj
c:\users\usuario\source\repos\markosoftengine\project\debug\objectmanager.obj
c:\users\usuario\source\repos\markosoftengine\project\debug\object.obj
c:\users\usuario\source\repos\markosoftengine\project\debug\inputmanager.obj
c:\users\usuario\source\repos\markosoftengine\project\debug\graphicmanager.obj
c:\users\usuario\source\repos\markosoftengine\project\debug\26_motion.obj
c:\users\usuario\source\repos\markosoftengine\project\debug\18_key_states.obj
c:\users\usuario\source\repos\markosoftengine\project\debug\06_extension_libraries_and_loading_other_image_formats.obj
c:\users\usuario\source\repos\markosoftengine\project\debug\02_getting_an_image_on_the_screen.obj
c:\users\usuario\source\repos\markosoftengine\project\debug\01_hello_sdl.obj
c:\users\usuario\source\repos\markosoftengine\project\debug\markosoftengine.lib
c:\users\usuario\source\repos\markosoftengine\project\debug\game.ilk
c:\users\usuario\source\repos\markosoftengine\project\debug\game.pdb
c:\users\usuario\source\repos\markosoftengine\project\debug\markosoftengine.tlog\cl.command.1.tlog
c:\users\usuario\source\repos\markosoftengine\project\debug\markosoftengine.tlog\cl.read.1.tlog
c:\users\usuario\source\repos\markosoftengine\project\debug\markosoftengine.tlog\cl.write.1.tlog
c:\users\usuario\source\repos\markosoftengine\project\debug\markosoftengine.tlog\lib-link.read.1.tlog
c:\users\usuario\source\repos\markosoftengine\project\debug\markosoftengine.tlog\lib-link.write.1.tlog
c:\users\usuario\source\repos\markosoftengine\project\debug\markosoftengine.tlog\lib.command.1.tlog
